<?xml version="1.0" encoding="UTF-8"?>
<!-- Generated by org.testng.reporters.JUnitXMLReporter -->
<testsuite ignored="0" hostname="DESKTOP-BBHK0OG" failures="3" tests="6" name="Test" time="31.671" errors="0" timestamp="2026-01-07T17:04:39 IST">
  <testcase classname="testCases.TC001_AccountRegisterationPage" name="Verify_Account_Registeration_Page" time="4.736"/>
  <testcase classname="testCases.TC002_LoginPage" name="Verify_Login_page" time="2.541"/>
  <testcase classname="testCases.TC003_Valid_Login_DDT" name="verify_LoginDDT" time="2.623">
    <failure type="java.lang.AssertionError" message="expected [true] but found [false]">
      <![CDATA[java.lang.AssertionError: expected [true] but found [false]
at testCases.TC003_Valid_Login_DDT.verify_LoginDDT(TC003_Valid_Login_DDT.java:33)
at java.base/java.util.ArrayList.forEach(ArrayList.java:1597)
... Removed 29 stack frames]]>
    </failure>
  </testcase> <!-- verify_LoginDDT -->
  <testcase classname="testCases.TC003_Valid_Login_DDT" name="verify_LoginDDT" time="1.966">
    <failure type="java.lang.AssertionError" message="expected [true] but found [false]">
      <![CDATA[java.lang.AssertionError: expected [true] but found [false]
at testCases.TC003_Valid_Login_DDT.verify_LoginDDT(TC003_Valid_Login_DDT.java:33)
at java.base/java.util.ArrayList.forEach(ArrayList.java:1597)
... Removed 29 stack frames]]>
    </failure>
  </testcase> <!-- verify_LoginDDT -->
  <testcase classname="testCases.TC003_Valid_Login_DDT" name="verify_LoginDDT" time="2.393">
    <failure type="java.lang.AssertionError" message="expected [true] but found [false]">
      <![CDATA[java.lang.AssertionError: expected [true] but found [false]
at testCases.TC003_Valid_Login_DDT.verify_LoginDDT(TC003_Valid_Login_DDT.java:33)
at java.base/java.util.ArrayList.forEach(ArrayList.java:1597)
... Removed 29 stack frames]]>
    </failure>
  </testcase> <!-- verify_LoginDDT -->
  <testcase classname="testCases.TC003_Valid_Login_DDT" name="verify_LoginDDT" time="3.316"/>
</testsuite> <!-- Test -->
