<?xml version="1.0" encoding="UTF-8"?>
<!-- Generated by org.testng.reporters.JUnitXMLReporter -->
<testsuite ignored="0" hostname="DESKTOP-BBHK0OG" failures="3" tests="6" name="Test" time="17.193" errors="0" timestamp="2026-01-06T18:14:35 IST">
  <testcase classname="testCases.TC001_AccountRegisterationPage" name="Verify_Account_Registeration_Page" time="2.001"/>
  <testcase classname="testCases.TC002_LoginPage" name="Verify_Login_page" time="1.821"/>
  <testcase classname="testCases.TC003_Valid_Login_DDT" name="verify_LoginDDT" time="0.644">
    <failure type="java.lang.AssertionError" message="expected [true] but found [false]">
      <![CDATA[java.lang.AssertionError: expected [true] but found [false]
at testCases.TC003_Valid_Login_DDT.verify_LoginDDT(TC003_Valid_Login_DDT.java:33)
at java.base/java.util.ArrayList.forEach(ArrayList.java:1597)
... Removed 29 stack frames]]>
    </failure>
  </testcase> <!-- verify_LoginDDT -->
  <testcase classname="testCases.TC003_Valid_Login_DDT" name="verify_LoginDDT" time="1.041">
    <failure type="java.lang.AssertionError" message="expected [true] but found [false]">
      <![CDATA[java.lang.AssertionError: expected [true] but found [false]
at testCases.TC003_Valid_Login_DDT.verify_LoginDDT(TC003_Valid_Login_DDT.java:33)
at java.base/java.util.ArrayList.forEach(ArrayList.java:1597)
... Removed 29 stack frames]]>
    </failure>
  </testcase> <!-- verify_LoginDDT -->
  <testcase classname="testCases.TC003_Valid_Login_DDT" name="verify_LoginDDT" time="1.031">
    <failure type="java.lang.AssertionError" message="expected [true] but found [false]">
      <![CDATA[java.lang.AssertionError: expected [true] but found [false]
at testCases.TC003_Valid_Login_DDT.verify_LoginDDT(TC003_Valid_Login_DDT.java:33)
at java.base/java.util.ArrayList.forEach(ArrayList.java:1597)
... Removed 29 stack frames]]>
    </failure>
  </testcase> <!-- verify_LoginDDT -->
  <testcase classname="testCases.TC003_Valid_Login_DDT" name="verify_LoginDDT" time="2.113"/>
</testsuite> <!-- Test -->
