<?xml version="1.0" encoding="UTF-8"?>
<!-- Generated by org.testng.reporters.JUnitXMLReporter -->
<testsuite ignored="0" hostname="DESKTOP-BBHK0OG" failures="0" tests="2" name="firefoxtest" time="51.973" errors="0" timestamp="2026-01-07T17:07:50 IST">
  <testcase classname="testCases.TC001_AccountRegisterationPage" name="Verify_Account_Registeration_Page" time="12.266"/>
  <testcase classname="testCases.TC002_LoginPage" name="Verify_Login_page" time="11.615"/>
</testsuite> <!-- firefoxtest -->
