<?xml version="1.0" encoding="UTF-8"?>
<testng-results ignored="0" total="6" passed="6" failed="0" skipped="0">
  <reporter-output>
  </reporter-output>
  <suite started-at="2026-01-07T17:06:58 IST" name="Suite" finished-at="2026-01-07T17:07:51 IST" duration-ms="52605">
    <groups>
      <group name="Master">
        <method signature="TC001_AccountRegisterationPage.Verify_Account_Registeration_Page()[pri:0, instance:testCases.TC001_AccountRegisterationPage@31aa3ca5]" name="Verify_Account_Registeration_Page" class="testCases.TC001_AccountRegisterationPage"/>
        <method signature="TC002_LoginPage.Verify_Login_page()[pri:0, instance:testCases.TC002_LoginPage@b6b1987]" name="Verify_Login_page" class="testCases.TC002_LoginPage"/>
        <method signature="TC001_AccountRegisterationPage.Verify_Account_Registeration_Page()[pri:0, instance:testCases.TC001_AccountRegisterationPage@4c398c80]" name="Verify_Account_Registeration_Page" class="testCases.TC001_AccountRegisterationPage"/>
        <method signature="TC002_LoginPage.Verify_Login_page()[pri:0, instance:testCases.TC002_LoginPage@7fc6de5b]" name="Verify_Login_page" class="testCases.TC002_LoginPage"/>
        <method signature="TC001_AccountRegisterationPage.Verify_Account_Registeration_Page()[pri:0, instance:testCases.TC001_AccountRegisterationPage@607fbe09]" name="Verify_Account_Registeration_Page" class="testCases.TC001_AccountRegisterationPage"/>
        <method signature="TC002_LoginPage.Verify_Login_page()[pri:0, instance:testCases.TC002_LoginPage@60a2630a]" name="Verify_Login_page" class="testCases.TC002_LoginPage"/>
      </group> <!-- Master -->
      <group name="Sanity">
        <method signature="TC002_LoginPage.Verify_Login_page()[pri:0, instance:testCases.TC002_LoginPage@b6b1987]" name="Verify_Login_page" class="testCases.TC002_LoginPage"/>
        <method signature="TC002_LoginPage.Verify_Login_page()[pri:0, instance:testCases.TC002_LoginPage@7fc6de5b]" name="Verify_Login_page" class="testCases.TC002_LoginPage"/>
        <method signature="TC002_LoginPage.Verify_Login_page()[pri:0, instance:testCases.TC002_LoginPage@60a2630a]" name="Verify_Login_page" class="testCases.TC002_LoginPage"/>
      </group> <!-- Sanity -->
      <group name="Regression">
        <method signature="TC001_AccountRegisterationPage.Verify_Account_Registeration_Page()[pri:0, instance:testCases.TC001_AccountRegisterationPage@31aa3ca5]" name="Verify_Account_Registeration_Page" class="testCases.TC001_AccountRegisterationPage"/>
        <method signature="TC001_AccountRegisterationPage.Verify_Account_Registeration_Page()[pri:0, instance:testCases.TC001_AccountRegisterationPage@4c398c80]" name="Verify_Account_Registeration_Page" class="testCases.TC001_AccountRegisterationPage"/>
        <method signature="TC001_AccountRegisterationPage.Verify_Account_Registeration_Page()[pri:0, instance:testCases.TC001_AccountRegisterationPage@607fbe09]" name="Verify_Account_Registeration_Page" class="testCases.TC001_AccountRegisterationPage"/>
      </group> <!-- Regression -->
    </groups>
    <test started-at="2026-01-07T17:06:58 IST" name="firefoxtest" finished-at="2026-01-07T17:07:50 IST" duration-ms="51973">
      <class name="testCases.TC001_AccountRegisterationPage">
        <test-method is-config="true" signature="Setup(java.lang.String,java.lang.String)[pri:0, instance:testCases.TC001_AccountRegisterationPage@607fbe09]" started-at="2026-01-07T17:06:58 IST" name="Setup" finished-at="2026-01-07T17:07:12 IST" duration-ms="13531" status="PASS">
          <params>
            <param index="0">
              <value>
                <![CDATA[windows]]>
              </value>
            </param>
            <param index="1">
              <value>
                <![CDATA[edge]]>
              </value>
            </param>
          </params>
          <reporter-output>
          </reporter-output>
        </test-method> <!-- Setup -->
        <test-method signature="Verify_Account_Registeration_Page()[pri:0, instance:testCases.TC001_AccountRegisterationPage@607fbe09]" started-at="2026-01-07T17:07:12 IST" name="Verify_Account_Registeration_Page" finished-at="2026-01-07T17:07:24 IST" duration-ms="12266" status="PASS">
          <reporter-output>
          </reporter-output>
        </test-method> <!-- Verify_Account_Registeration_Page -->
        <test-method is-config="true" signature="tearDown()[pri:0, instance:testCases.TC001_AccountRegisterationPage@607fbe09]" started-at="2026-01-07T17:07:24 IST" name="tearDown" finished-at="2026-01-07T17:07:26 IST" duration-ms="2171" status="PASS">
          <reporter-output>
          </reporter-output>
        </test-method> <!-- tearDown -->
      </class> <!-- testCases.TC001_AccountRegisterationPage -->
      <class name="testCases.TC002_LoginPage">
        <test-method is-config="true" signature="Setup(java.lang.String,java.lang.String)[pri:0, instance:testCases.TC002_LoginPage@60a2630a]" started-at="2026-01-07T17:07:26 IST" name="Setup" finished-at="2026-01-07T17:07:34 IST" duration-ms="7999" status="PASS">
          <params>
            <param index="0">
              <value>
                <![CDATA[windows]]>
              </value>
            </param>
            <param index="1">
              <value>
                <![CDATA[edge]]>
              </value>
            </param>
          </params>
          <reporter-output>
          </reporter-output>
        </test-method> <!-- Setup -->
        <test-method signature="Verify_Login_page()[pri:0, instance:testCases.TC002_LoginPage@60a2630a]" started-at="2026-01-07T17:07:34 IST" name="Verify_Login_page" finished-at="2026-01-07T17:07:46 IST" duration-ms="11615" status="PASS">
          <reporter-output>
          </reporter-output>
        </test-method> <!-- Verify_Login_page -->
        <test-method is-config="true" signature="tearDown()[pri:0, instance:testCases.TC002_LoginPage@60a2630a]" started-at="2026-01-07T17:07:46 IST" name="tearDown" finished-at="2026-01-07T17:07:50 IST" duration-ms="4215" status="PASS">
          <reporter-output>
          </reporter-output>
        </test-method> <!-- tearDown -->
      </class> <!-- testCases.TC002_LoginPage -->
    </test> <!-- firefoxtest -->
    <test started-at="2026-01-07T17:06:58 IST" name="edgetest" finished-at="2026-01-07T17:07:50 IST" duration-ms="52118">
      <class name="testCases.TC001_AccountRegisterationPage">
        <test-method is-config="true" signature="Setup(java.lang.String,java.lang.String)[pri:0, instance:testCases.TC001_AccountRegisterationPage@4c398c80]" started-at="2026-01-07T17:06:58 IST" name="Setup" finished-at="2026-01-07T17:07:12 IST" duration-ms="13819" status="PASS">
          <params>
            <param index="0">
              <value>
                <![CDATA[windows]]>
              </value>
            </param>
            <param index="1">
              <value>
                <![CDATA[firefox]]>
              </value>
            </param>
          </params>
          <reporter-output>
          </reporter-output>
        </test-method> <!-- Setup -->
        <test-method signature="Verify_Account_Registeration_Page()[pri:0, instance:testCases.TC001_AccountRegisterationPage@4c398c80]" started-at="2026-01-07T17:07:12 IST" name="Verify_Account_Registeration_Page" finished-at="2026-01-07T17:07:24 IST" duration-ms="12117" status="PASS">
          <reporter-output>
          </reporter-output>
        </test-method> <!-- Verify_Account_Registeration_Page -->
        <test-method is-config="true" signature="tearDown()[pri:0, instance:testCases.TC001_AccountRegisterationPage@4c398c80]" started-at="2026-01-07T17:07:24 IST" name="tearDown" finished-at="2026-01-07T17:07:26 IST" duration-ms="1676" status="PASS">
          <reporter-output>
          </reporter-output>
        </test-method> <!-- tearDown -->
      </class> <!-- testCases.TC001_AccountRegisterationPage -->
      <class name="testCases.TC002_LoginPage">
        <test-method is-config="true" signature="Setup(java.lang.String,java.lang.String)[pri:0, instance:testCases.TC002_LoginPage@7fc6de5b]" started-at="2026-01-07T17:07:26 IST" name="Setup" finished-at="2026-01-07T17:07:31 IST" duration-ms="5243" status="PASS">
          <params>
            <param index="0">
              <value>
                <![CDATA[windows]]>
              </value>
            </param>
            <param index="1">
              <value>
                <![CDATA[firefox]]>
              </value>
            </param>
          </params>
          <reporter-output>
          </reporter-output>
        </test-method> <!-- Setup -->
        <test-method signature="Verify_Login_page()[pri:0, instance:testCases.TC002_LoginPage@7fc6de5b]" started-at="2026-01-07T17:07:31 IST" name="Verify_Login_page" finished-at="2026-01-07T17:07:46 IST" duration-ms="14788" status="PASS">
          <reporter-output>
          </reporter-output>
        </test-method> <!-- Verify_Login_page -->
        <test-method is-config="true" signature="tearDown()[pri:0, instance:testCases.TC002_LoginPage@7fc6de5b]" started-at="2026-01-07T17:07:46 IST" name="tearDown" finished-at="2026-01-07T17:07:50 IST" duration-ms="4027" status="PASS">
          <reporter-output>
          </reporter-output>
        </test-method> <!-- tearDown -->
      </class> <!-- testCases.TC002_LoginPage -->
    </test> <!-- edgetest -->
    <test started-at="2026-01-07T17:06:58 IST" name="chrometest" finished-at="2026-01-07T17:07:51 IST" duration-ms="52603">
      <class name="testCases.TC001_AccountRegisterationPage">
        <test-method is-config="true" signature="Setup(java.lang.String,java.lang.String)[pri:0, instance:testCases.TC001_AccountRegisterationPage@31aa3ca5]" started-at="2026-01-07T17:06:58 IST" name="Setup" finished-at="2026-01-07T17:07:11 IST" duration-ms="12532" status="PASS">
          <params>
            <param index="0">
              <value>
                <![CDATA[windows]]>
              </value>
            </param>
            <param index="1">
              <value>
                <![CDATA[chrome]]>
              </value>
            </param>
          </params>
          <reporter-output>
          </reporter-output>
        </test-method> <!-- Setup -->
        <test-method signature="Verify_Account_Registeration_Page()[pri:0, instance:testCases.TC001_AccountRegisterationPage@31aa3ca5]" started-at="2026-01-07T17:07:12 IST" name="Verify_Account_Registeration_Page" finished-at="2026-01-07T17:07:24 IST" duration-ms="11977" status="PASS">
          <reporter-output>
          </reporter-output>
        </test-method> <!-- Verify_Account_Registeration_Page -->
        <test-method is-config="true" signature="tearDown()[pri:0, instance:testCases.TC001_AccountRegisterationPage@31aa3ca5]" started-at="2026-01-07T17:07:24 IST" name="tearDown" finished-at="2026-01-07T17:07:26 IST" duration-ms="1920" status="PASS">
          <reporter-output>
          </reporter-output>
        </test-method> <!-- tearDown -->
      </class> <!-- testCases.TC001_AccountRegisterationPage -->
      <class name="testCases.TC002_LoginPage">
        <test-method is-config="true" signature="Setup(java.lang.String,java.lang.String)[pri:0, instance:testCases.TC002_LoginPage@b6b1987]" started-at="2026-01-07T17:07:26 IST" name="Setup" finished-at="2026-01-07T17:07:33 IST" duration-ms="7528" status="PASS">
          <params>
            <param index="0">
              <value>
                <![CDATA[windows]]>
              </value>
            </param>
            <param index="1">
              <value>
                <![CDATA[chrome]]>
              </value>
            </param>
          </params>
          <reporter-output>
          </reporter-output>
        </test-method> <!-- Setup -->
        <test-method signature="Verify_Login_page()[pri:0, instance:testCases.TC002_LoginPage@b6b1987]" started-at="2026-01-07T17:07:33 IST" name="Verify_Login_page" finished-at="2026-01-07T17:07:46 IST" duration-ms="12702" status="PASS">
          <reporter-output>
          </reporter-output>
        </test-method> <!-- Verify_Login_page -->
        <test-method is-config="true" signature="tearDown()[pri:0, instance:testCases.TC002_LoginPage@b6b1987]" started-at="2026-01-07T17:07:46 IST" name="tearDown" finished-at="2026-01-07T17:07:51 IST" duration-ms="4574" status="PASS">
          <reporter-output>
          </reporter-output>
        </test-method> <!-- tearDown -->
      </class> <!-- testCases.TC002_LoginPage -->
    </test> <!-- chrometest -->
  </suite> <!-- Suite -->
</testng-results>
