<?xml version="1.0" encoding="UTF-8"?>
<testng-results ignored="0" total="1" passed="1" failed="0" skipped="0">
  <reporter-output>
  </reporter-output>
  <suite started-at="2026-01-03T16:56:03 IST" name="Suite" finished-at="2026-01-03T16:56:13 IST" duration-ms="10019">
    <groups>
    </groups>
    <test started-at="2026-01-03T16:56:03 IST" name="Test" finished-at="2026-01-03T16:56:13 IST" duration-ms="10019">
      <class name="testCases.TC001_AccountRegisterationPage">
        <test-method is-config="true" signature="Setup(java.lang.String,java.lang.String)[pri:0, instance:testCases.TC001_AccountRegisterationPage@79d8407f]" started-at="2026-01-03T16:56:03 IST" name="Setup" finished-at="2026-01-03T16:56:10 IST" duration-ms="7190" status="PASS">
          <params>
            <param index="0">
              <value>
                <![CDATA[windows]]>
              </value>
            </param>
            <param index="1">
              <value>
                <![CDATA[chrome]]>
              </value>
            </param>
          </params>
          <reporter-output>
          </reporter-output>
        </test-method> <!-- Setup -->
        <test-method signature="Verify_Account_Registeration_Page()[pri:0, instance:testCases.TC001_AccountRegisterationPage@79d8407f]" started-at="2026-01-03T16:56:10 IST" name="Verify_Account_Registeration_Page" finished-at="2026-01-03T16:56:13 IST" duration-ms="2483" status="PASS">
          <reporter-output>
          </reporter-output>
        </test-method> <!-- Verify_Account_Registeration_Page -->
        <test-method is-config="true" signature="tearDown()[pri:0, instance:testCases.TC001_AccountRegisterationPage@79d8407f]" started-at="2026-01-03T16:56:13 IST" name="tearDown" finished-at="2026-01-03T16:56:13 IST" duration-ms="299" status="PASS">
          <reporter-output>
          </reporter-output>
        </test-method> <!-- tearDown -->
      </class> <!-- testCases.TC001_AccountRegisterationPage -->
    </test> <!-- Test -->
  </suite> <!-- Suite -->
</testng-results>
