<?xml version="1.0" encoding="UTF-8"?>
<testng-results ignored="0" total="1" passed="1" failed="0" skipped="0">
  <reporter-output>
  </reporter-output>
  <suite started-at="2026-01-03T18:56:09 IST" name="Suite" finished-at="2026-01-03T18:56:16 IST" duration-ms="7309">
    <groups>
    </groups>
    <test started-at="2026-01-03T18:56:09 IST" name="Test" finished-at="2026-01-03T18:56:16 IST" duration-ms="7309">
      <class name="testCases.TC002_LoginPage">
        <test-method is-config="true" signature="Setup(java.lang.String,java.lang.String)[pri:0, instance:testCases.TC002_LoginPage@774698ab]" started-at="2026-01-03T18:56:09 IST" name="Setup" finished-at="2026-01-03T18:56:14 IST" duration-ms="4491" status="PASS">
          <params>
            <param index="0">
              <value>
                <![CDATA[windows]]>
              </value>
            </param>
            <param index="1">
              <value>
                <![CDATA[chrome]]>
              </value>
            </param>
          </params>
          <reporter-output>
          </reporter-output>
        </test-method> <!-- Setup -->
        <test-method signature="Verify_Login_page()[pri:0, instance:testCases.TC002_LoginPage@774698ab]" started-at="2026-01-03T18:56:14 IST" name="Verify_Login_page" finished-at="2026-01-03T18:56:16 IST" duration-ms="2303" status="PASS">
          <reporter-output>
          </reporter-output>
        </test-method> <!-- Verify_Login_page -->
        <test-method is-config="true" signature="tearDown()[pri:0, instance:testCases.TC002_LoginPage@774698ab]" started-at="2026-01-03T18:56:16 IST" name="tearDown" finished-at="2026-01-03T18:56:16 IST" duration-ms="434" status="PASS">
          <reporter-output>
          </reporter-output>
        </test-method> <!-- tearDown -->
      </class> <!-- testCases.TC002_LoginPage -->
    </test> <!-- Test -->
  </suite> <!-- Suite -->
</testng-results>
