<?xml version="1.0" encoding="UTF-8"?>
<!-- Generated by org.testng.reporters.JUnitReportReporter -->
<testsuite hostname="DESKTOP-BBHK0OG" failures="0" tests="3" name="testCases.TC002_LoginPage" time="39.105" errors="0" timestamp="2026-01-07T17:07:51 IST" skipped="0">
  <testcase classname="testCases.TC002_LoginPage" name="Verify_Login_page" time="11.615"/>
  <testcase classname="testCases.TC002_LoginPage" name="Verify_Login_page" time="12.702"/>
  <testcase classname="testCases.TC002_LoginPage" name="Verify_Login_page" time="14.788"/>
</testsuite> <!-- testCases.TC002_LoginPage -->
