<?xml version="1.0" encoding="UTF-8"?>
<!-- Generated by org.testng.reporters.JUnitReportReporter -->
<testsuite hostname="DESKTOP-BBHK0OG" failures="0" tests="3" name="testCases.TC001_AccountRegisterationPage" time="36.360" errors="0" timestamp="2026-01-07T17:07:51 IST" skipped="0">
  <testcase classname="testCases.TC001_AccountRegisterationPage" name="Verify_Account_Registeration_Page" time="12.117"/>
  <testcase classname="testCases.TC001_AccountRegisterationPage" name="Verify_Account_Registeration_Page" time="11.977"/>
  <testcase classname="testCases.TC001_AccountRegisterationPage" name="Verify_Account_Registeration_Page" time="12.266"/>
</testsuite> <!-- testCases.TC001_AccountRegisterationPage -->
